<?xml version="1.0" encoding="UTF-8"?>
<!-- Generated by org.testng.reporters.JUnitXMLReporter -->
<testsuite hostname="ABBALMOO-IN" ignored="0" name="Simple1" tests="2" failures="1" timestamp="2020-03-22T20:35:43 IST" time="0.061" errors="0">
  <testcase name="test1" time="0.0" classname="flipkartDemo.SampleTestNg">
    <failure type="org.testng.TestNGException" message="
Parameter &amp;apos;naame&amp;apos; is required by @Test on method test1 but has not been marked @Optional or defined
in C:\Users\abbalmoo\git\repository\Demo\flipkartDemo\testng.xml">
      <![CDATA[org.testng.TestNGException: 
Parameter 'naame' is required by @Test on method test1 but has not been marked @Optional or defined
in C:\Users\abbalmoo\git\repository\Demo\flipkartDemo\testng.xml
at java.util.ArrayList.forEach(Unknown Source)
... Removed 26 stack frames]]>
    </failure>
  </testcase> <!-- test1 -->
  <testcase name="test2" time="0.002" classname="flipkartDemo.SampleTestNg"/>
</testsuite> <!-- Simple1 -->
